<?xml version="1.0" encoding="UTF-8"?>
<!-- Generated by org.testng.reporters.JUnitReportReporter -->
<testsuite hostname="DESKTOP-1MKOQAC" failures="0" tests="1" name="task.jenkins.jen_task" time="5.240" errors="0" timestamp="2024-03-28T21:26:30 IST" skipped="0">
  <testcase classname="task.jenkins.jen_task" name="testLogin" time="5.240"/>
  <system-out/>
</testsuite> <!-- task.jenkins.jen_task -->
